vx/Image imported
vx/Font imported
vx/Socket imported
vx/Sound imported
vx/SoundChannel has error on requirement vx/init.lua:45: module 'vx/SoundChannel' not found:
	no field package.preload['vx/SoundChannel']
	no file './vx/SoundChannel.lua'
	no file '/usr/local/share/lua/5.1/vx/SoundChannel.lua'
	no file '/usr/local/share/lua/5.1/vx/SoundChannel/init.lua'
	no file '/usr/local/lib/lua/5.1/vx/SoundChannel.lua'
	no file '/usr/local/lib/lua/5.1/vx/SoundChannel/init.lua'
	no file 'vx/SoundChannel.lua'
	no file 'vx/SoundChannel/init.lua'
	no file 'vx/SoundChannel\init.lua'
	no vpk'd module 'vx/SoundChannel'
	no file './vx/SoundChannel.so'
	no file '/usr/local/lib/lua/5.1/vx/SoundChannel.so'
	no file '/usr/local/lib/lua/5.1/loadall.so'
vx/Song imported
vx/_vergeMap imported
vx/_vergeMapLayer has error on requirement vx/init.lua:45: module 'vx/_vergeMapLayer' not found:
	no field package.preload['vx/_vergeMapLayer']
	no file './vx/_vergeMapLayer.lua'
	no file '/usr/local/share/lua/5.1/vx/_vergeMapLayer.lua'
	no file '/usr/local/share/lua/5.1/vx/_vergeMapLayer/init.lua'
	no file '/usr/local/lib/lua/5.1/vx/_vergeMapLayer.lua'
	no file '/usr/local/lib/lua/5.1/vx/_vergeMapLayer/init.lua'
	no file 'vx/_vergeMapLayer.lua'
	no file 'vx/_vergeMapLayer/init.lua'
	no file 'vx/_vergeMapLayer\init.lua'
	no vpk'd module 'vx/_vergeMapLayer'
	no file './vx/_vergeMapLayer.so'
	no file '/usr/local/lib/lua/5.1/vx/_vergeMapLayer.so'
	no file '/usr/local/lib/lua/5.1/loadall.so'
vx/_vergeMapZone has error on requirement vx/init.lua:45: module 'vx/_vergeMapZone' not found:
	no field package.preload['vx/_vergeMapZone']
	no file './vx/_vergeMapZone.lua'
	no file '/usr/local/share/lua/5.1/vx/_vergeMapZone.lua'
	no file '/usr/local/share/lua/5.1/vx/_vergeMapZone/init.lua'
	no file '/usr/local/lib/lua/5.1/vx/_vergeMapZone.lua'
	no file '/usr/local/lib/lua/5.1/vx/_vergeMapZone/init.lua'
	no file 'vx/_vergeMapZone.lua'
	no file 'vx/_vergeMapZone/init.lua'
	no file 'vx/_vergeMapZone\init.lua'
	no vpk'd module 'vx/_vergeMapZone'
	no file './vx/_vergeMapZone.so'
	no file '/usr/local/lib/lua/5.1/vx/_vergeMapZone.so'
	no file '/usr/local/lib/lua/5.1/loadall.so'
vx/Entity imported
vx/File imported
vx/_vergeCamera imported
vx/_vergeMouseInput imported
vx/_vergeMouseButtonInput has error on requirement vx/init.lua:45: module 'vx/_vergeMouseButtonInput' not found:
	no field package.preload['vx/_vergeMouseButtonInput']
	no file './vx/_vergeMouseButtonInput.lua'
	no file '/usr/local/share/lua/5.1/vx/_vergeMouseButtonInput.lua'
	no file '/usr/local/share/lua/5.1/vx/_vergeMouseButtonInput/init.lua'
	no file '/usr/local/lib/lua/5.1/vx/_vergeMouseButtonInput.lua'
	no file '/usr/local/lib/lua/5.1/vx/_vergeMouseButtonInput/init.lua'
	no file 'vx/_vergeMouseButtonInput.lua'
	no file 'vx/_vergeMouseButtonInput/init.lua'
	no file 'vx/_vergeMouseButtonInput\init.lua'
	no vpk'd module 'vx/_vergeMouseButtonInput'
	no file './vx/_vergeMouseButtonInput.so'
	no file '/usr/local/lib/lua/5.1/vx/_vergeMouseButtonInput.so'
	no file '/usr/local/lib/lua/5.1/loadall.so'
vx/_vergeKeyboardInput imported
vx/_vergeJoystickInput imported
vx/_vergeJoystickDirectionInput has error on requirement vx/init.lua:45: module 'vx/_vergeJoystickDirectionInput' not found:
	no field package.preload['vx/_vergeJoystickDirectionInput']
	no file './vx/_vergeJoystickDirectionInput.lua'
	no file '/usr/local/share/lua/5.1/vx/_vergeJoystickDirectionInput.lua'
	no file '/usr/local/share/lua/5.1/vx/_vergeJoystickDirectionInput/init.lua'
	no file '/usr/local/lib/lua/5.1/vx/_vergeJoystickDirectionInput.lua'
	no file '/usr/local/lib/lua/5.1/vx/_vergeJoystickDirectionInput/init.lua'
	no file 'vx/_vergeJoystickDirectionInput.lua'
	no file 'vx/_vergeJoystickDirectionInput/init.lua'
	no file 'vx/_vergeJoystickDirectionInput\init.lua'
	no vpk'd module 'vx/_vergeJoystickDirectionInput'
	no file './vx/_vergeJoystickDirectionInput.so'
	no file '/usr/local/lib/lua/5.1/vx/_vergeJoystickDirectionInput.so'
	no file '/usr/local/lib/lua/5.1/loadall.so'
vx/_vergeJoystickButtonInput has error on requirement vx/init.lua:45: module 'vx/_vergeJoystickButtonInput' not found:
	no field package.preload['vx/_vergeJoystickButtonInput']
	no file './vx/_vergeJoystickButtonInput.lua'
	no file '/usr/local/share/lua/5.1/vx/_vergeJoystickButtonInput.lua'
	no file '/usr/local/share/lua/5.1/vx/_vergeJoystickButtonInput/init.lua'
	no file '/usr/local/lib/lua/5.1/vx/_vergeJoystickButtonInput.lua'
	no file '/usr/local/lib/lua/5.1/vx/_vergeJoystickButtonInput/init.lua'
	no file 'vx/_vergeJoystickButtonInput.lua'
	no file 'vx/_vergeJoystickButtonInput/init.lua'
	no file 'vx/_vergeJoystickButtonInput\init.lua'
	no vpk'd module 'vx/_vergeJoystickButtonInput'
	no file './vx/_vergeJoystickButtonInput.so'
	no file '/usr/local/lib/lua/5.1/vx/_vergeJoystickButtonInput.so'
	no file '/usr/local/lib/lua/5.1/loadall.so'
vx/_vergeClock imported
vx/_vergeMusic imported
Exiting: Onoes
